[2019-05-24 20:45:35 ] [dawid.app.mainController.MainPageController] [http-nio-8080-exec-7] [30] [INFO ] **** WYWO£ANO > showMainPage()
[2019-05-24 20:45:35 ] [org.hibernate.engine.transaction.internal.TransactionImpl] [http-nio-8080-exec-7] [55] [DEBUG] begin
[2019-05-24 20:45:35 ] [org.hibernate.query.criteria.internal.CriteriaQueryImpl] [http-nio-8080-exec-7] [307] [DEBUG] Rendered criteria query -> select generatedAlias0 from User as generatedAlias0 where generatedAlias0.email is null
[2019-05-24 20:45:35 ] [org.hibernate.hql.internal.ast.QueryTranslatorImpl] [http-nio-8080-exec-7] [282] [DEBUG] parse() - HQL: select generatedAlias0 from dawid.app.user.User as generatedAlias0 where generatedAlias0.email is null
[2019-05-24 20:45:35 ] [org.hibernate.hql.internal.ast.ErrorCounter] [http-nio-8080-exec-7] [95] [DEBUG] throwQueryException() : no errors
[2019-05-24 20:45:35 ] [org.hibernate.hql.internal.ast.QueryTranslatorImpl] [http-nio-8080-exec-7] [305] [DEBUG] --- HQL AST ---
 \-[QUERY] Node: 'query'
    +-[SELECT_FROM] Node: 'SELECT_FROM'
    |  +-[FROM] Node: 'from'
    |  |  \-[RANGE] Node: 'RANGE'
    |  |     +-[DOT] Node: '.'
    |  |     |  +-[DOT] Node: '.'
    |  |     |  |  +-[DOT] Node: '.'
    |  |     |  |  |  +-[IDENT] Node: 'dawid'
    |  |     |  |  |  \-[IDENT] Node: 'app'
    |  |     |  |  \-[IDENT] Node: 'user'
    |  |     |  \-[IDENT] Node: 'User'
    |  |     \-[ALIAS] Node: 'generatedAlias0'
    |  \-[SELECT] Node: 'select'
    |     \-[IDENT] Node: 'generatedAlias0'
    \-[WHERE] Node: 'where'
       \-[IS_NULL] Node: 'is null'
          \-[DOT] Node: '.'
             +-[IDENT] Node: 'generatedAlias0'
             \-[IDENT] Node: 'email'

[2019-05-24 20:45:35 ] [org.hibernate.hql.internal.antlr.HqlSqlBaseWalker] [http-nio-8080-exec-7] [124] [DEBUG] select << begin [level=1, statement=select]
[2019-05-24 20:45:35 ] [org.hibernate.hql.internal.ast.tree.FromElement] [http-nio-8080-exec-7] [147] [DEBUG] FromClause{level=1} : dawid.app.user.User (generatedAlias0) -> user0_
[2019-05-24 20:45:35 ] [org.hibernate.hql.internal.ast.tree.FromReferenceNode] [http-nio-8080-exec-7] [60] [DEBUG] Resolved : generatedAlias0 -> user0_.user_id
[2019-05-24 20:45:35 ] [org.hibernate.hql.internal.ast.tree.FromReferenceNode] [http-nio-8080-exec-7] [60] [DEBUG] Resolved : generatedAlias0 -> user0_.user_id
[2019-05-24 20:45:35 ] [org.hibernate.hql.internal.ast.tree.DotNode] [http-nio-8080-exec-7] [688] [DEBUG] getDataType() : email -> org.hibernate.type.StringType@3bd5d898
[2019-05-24 20:45:35 ] [org.hibernate.hql.internal.ast.tree.FromReferenceNode] [http-nio-8080-exec-7] [60] [DEBUG] Resolved : generatedAlias0.email -> user0_.email
[2019-05-24 20:45:35 ] [org.hibernate.hql.internal.antlr.HqlSqlBaseWalker] [http-nio-8080-exec-7] [128] [DEBUG] select : finishing up [level=1, statement=select]
[2019-05-24 20:45:35 ] [org.hibernate.hql.internal.ast.HqlSqlWalker] [http-nio-8080-exec-7] [747] [DEBUG] processQuery() :  ( SELECT ( {select clause} user0_.user_id ) ( FromClause{level=1} user user0_ ) ( where ( is null ( user0_.email user0_.user_id email ) ) ) )
[2019-05-24 20:45:35 ] [org.hibernate.hql.internal.ast.util.JoinProcessor] [http-nio-8080-exec-7] [192] [DEBUG] Using FROM fragment [user user0_]
[2019-05-24 20:45:35 ] [org.hibernate.hql.internal.antlr.HqlSqlBaseWalker] [http-nio-8080-exec-7] [132] [DEBUG] select >> end [level=1, statement=select]
[2019-05-24 20:45:35 ] [org.hibernate.hql.internal.ast.QueryTranslatorImpl] [http-nio-8080-exec-7] [269] [DEBUG] --- SQL AST ---
 \-[SELECT] QueryNode: 'SELECT'  querySpaces (user)
    +-[SELECT_CLAUSE] SelectClause: '{select clause}'
    |  +-[ALIAS_REF] IdentNode: 'user0_.user_id as user_id1_4_' {alias=generatedAlias0, className=dawid.app.user.User, tableAlias=user0_}
    |  \-[SQL_TOKEN] SqlFragment: 'user0_.activation_code as activati2_4_, user0_.active as active3_4_, user0_.birth_date as birth_da4_4_, user0_.characters as characte5_4_, user0_.city as city6_4_, user0_.description as descript7_4_, user0_.email as email8_4_, user0_.free_time as free_tim9_4_, user0_.hobby as hobby10_4_, user0_.language as languag11_4_, user0_.last_name as last_na12_4_, user0_.name as name13_4_, user0_.number as number14_4_, user0_.password as passwor15_4_, user0_.physical_activity as physica16_4_, user0_.sex as sex17_4_, user0_.who_search as who_sea18_4_'
    +-[FROM] FromClause: 'from' FromClause{level=1, fromElementCounter=1, fromElements=1, fromElementByClassAlias=[generatedAlias0], fromElementByTableAlias=[user0_], fromElementsByPath=[], collectionJoinFromElementsByPath=[], impliedElements=[]}
    |  \-[FROM_FRAGMENT] FromElement: 'user user0_' FromElement{explicit,not a collection join,not a fetch join,fetch non-lazy properties,classAlias=generatedAlias0,role=null,tableName=user,tableAlias=user0_,origin=null,columns={,className=dawid.app.user.User}}
    \-[WHERE] SqlNode: 'where'
       \-[IS_NULL] IsNullLogicOperatorNode: 'is null'
          \-[DOT] DotNode: 'user0_.email' {propertyName=email,dereferenceType=PRIMITIVE,getPropertyPath=email,path=generatedAlias0.email,tableAlias=user0_,className=dawid.app.user.User,classAlias=generatedAlias0}
             +-[ALIAS_REF] IdentNode: 'user0_.user_id' {alias=generatedAlias0, className=dawid.app.user.User, tableAlias=user0_}
             \-[IDENT] IdentNode: 'email' {originalText=email}

[2019-05-24 20:45:35 ] [org.hibernate.hql.internal.ast.ErrorCounter] [http-nio-8080-exec-7] [95] [DEBUG] throwQueryException() : no errors
[2019-05-24 20:45:35 ] [org.hibernate.hql.internal.ast.QueryTranslatorImpl] [http-nio-8080-exec-7] [251] [DEBUG] HQL: select generatedAlias0 from dawid.app.user.User as generatedAlias0 where generatedAlias0.email is null
[2019-05-24 20:45:35 ] [org.hibernate.hql.internal.ast.QueryTranslatorImpl] [http-nio-8080-exec-7] [252] [DEBUG] SQL: select user0_.user_id as user_id1_4_, user0_.activation_code as activati2_4_, user0_.active as active3_4_, user0_.birth_date as birth_da4_4_, user0_.characters as characte5_4_, user0_.city as city6_4_, user0_.description as descript7_4_, user0_.email as email8_4_, user0_.free_time as free_tim9_4_, user0_.hobby as hobby10_4_, user0_.language as languag11_4_, user0_.last_name as last_na12_4_, user0_.name as name13_4_, user0_.number as number14_4_, user0_.password as passwor15_4_, user0_.physical_activity as physica16_4_, user0_.sex as sex17_4_, user0_.who_search as who_sea18_4_ from user user0_ where user0_.email is null
[2019-05-24 20:45:35 ] [org.hibernate.hql.internal.ast.ErrorCounter] [http-nio-8080-exec-7] [95] [DEBUG] throwQueryException() : no errors
[2019-05-24 20:45:35 ] [org.hibernate.engine.jdbc.spi.SqlStatementLogger] [http-nio-8080-exec-7] [92] [DEBUG] select user0_.user_id as user_id1_4_, user0_.activation_code as activati2_4_, user0_.active as active3_4_, user0_.birth_date as birth_da4_4_, user0_.characters as characte5_4_, user0_.city as city6_4_, user0_.description as descript7_4_, user0_.email as email8_4_, user0_.free_time as free_tim9_4_, user0_.hobby as hobby10_4_, user0_.language as languag11_4_, user0_.last_name as last_na12_4_, user0_.name as name13_4_, user0_.number as number14_4_, user0_.password as passwor15_4_, user0_.physical_activity as physica16_4_, user0_.sex as sex17_4_, user0_.who_search as who_sea18_4_ from user user0_ where user0_.email is null
[2019-05-24 20:45:35 ] [org.hibernate.engine.transaction.internal.TransactionImpl] [http-nio-8080-exec-7] [66] [DEBUG] committing
[2019-05-24 20:45:43 ] [dawid.app.mainController.MainPageController] [http-nio-8080-exec-10] [30] [INFO ] **** WYWO£ANO > showMainPage()
[2019-05-24 20:45:43 ] [org.hibernate.engine.transaction.internal.TransactionImpl] [http-nio-8080-exec-10] [55] [DEBUG] begin
[2019-05-24 20:45:43 ] [org.hibernate.query.criteria.internal.CriteriaQueryImpl] [http-nio-8080-exec-10] [307] [DEBUG] Rendered criteria query -> select generatedAlias0 from User as generatedAlias0 where generatedAlias0.email=:param0
[2019-05-24 20:45:43 ] [org.hibernate.engine.jdbc.spi.SqlStatementLogger] [http-nio-8080-exec-10] [92] [DEBUG] select user0_.user_id as user_id1_4_, user0_.activation_code as activati2_4_, user0_.active as active3_4_, user0_.birth_date as birth_da4_4_, user0_.characters as characte5_4_, user0_.city as city6_4_, user0_.description as descript7_4_, user0_.email as email8_4_, user0_.free_time as free_tim9_4_, user0_.hobby as hobby10_4_, user0_.language as languag11_4_, user0_.last_name as last_na12_4_, user0_.name as name13_4_, user0_.number as number14_4_, user0_.password as passwor15_4_, user0_.physical_activity as physica16_4_, user0_.sex as sex17_4_, user0_.who_search as who_sea18_4_ from user user0_ where user0_.email=?
[2019-05-24 20:45:43 ] [org.jboss.logging.DelegatingBasicLogger] [http-nio-8080-exec-10] [384] [DEBUG] Result set row: 0
[2019-05-24 20:45:43 ] [org.hibernate.loader.Loader] [http-nio-8080-exec-10] [1533] [DEBUG] Result row: EntityKey[dawid.app.user.User#8]
[2019-05-24 20:45:43 ] [org.hibernate.engine.internal.TwoPhaseLoad] [http-nio-8080-exec-10] [144] [DEBUG] Resolving associations for [dawid.app.user.User#8]
[2019-05-24 20:45:43 ] [org.hibernate.engine.internal.TwoPhaseLoad] [http-nio-8080-exec-10] [287] [DEBUG] Done materializing entity [dawid.app.user.User#8]
[2019-05-24 20:45:43 ] [org.hibernate.engine.transaction.internal.TransactionImpl] [http-nio-8080-exec-10] [66] [DEBUG] committing
[2019-05-24 20:45:43 ] [org.hibernate.event.internal.AbstractFlushingEventListener] [http-nio-8080-exec-10] [132] [DEBUG] Processing flush-time cascades
[2019-05-24 20:45:43 ] [org.hibernate.event.internal.AbstractFlushingEventListener] [http-nio-8080-exec-10] [174] [DEBUG] Dirty checking collections
[2019-05-24 20:45:43 ] [org.hibernate.engine.internal.Collections] [http-nio-8080-exec-10] [206] [DEBUG] Collection found: [dawid.app.user.User.groups#8], was: [dawid.app.user.User.groups#8] (uninitialized)
[2019-05-24 20:45:43 ] [org.hibernate.engine.internal.Collections] [http-nio-8080-exec-10] [206] [DEBUG] Collection found: [dawid.app.user.User.roles#8], was: [dawid.app.user.User.roles#8] (uninitialized)
[2019-05-24 20:45:43 ] [org.hibernate.event.internal.AbstractFlushingEventListener] [http-nio-8080-exec-10] [106] [DEBUG] Flushed: 0 insertions, 0 updates, 0 deletions to 1 objects
[2019-05-24 20:45:43 ] [org.hibernate.event.internal.AbstractFlushingEventListener] [http-nio-8080-exec-10] [113] [DEBUG] Flushed: 0 (re)creations, 0 updates, 0 removals to 2 collections
[2019-05-24 20:45:43 ] [org.hibernate.internal.util.EntityPrinter] [http-nio-8080-exec-10] [102] [DEBUG] Listing entities:
[2019-05-24 20:45:43 ] [org.hibernate.internal.util.EntityPrinter] [http-nio-8080-exec-10] [109] [DEBUG] dawid.app.user.User{lastName=Krawczyk, city=Przedbórz, roles=<uninitialized>, sex=me?czyzna, active=1, description=saddddddddd, groups=<uninitialized>, language=null, birthDate=null, physicalActivity=koszykowka, number=0, character=null, password=$2a$10$Xg.cQpBSi7gi8RcOtdTKL.Iuy0idREBPGxvlajFz1GlC3GEKkS6bm, freeTime=Po po?udnie, name=Dawid, whoSearch=female, id=8, activationCode=MqidrJhpNHZJRqrO5Fz0Wm6GbtEasapc, email=dawid.krawczyk532@gmail.com, hobby=null}
[2019-05-24 20:45:43 ] [org.hibernate.loader.collection.plan.AbstractLoadPlanBasedCollectionInitializer] [http-nio-8080-exec-10] [73] [DEBUG] Loading collection: [dawid.app.user.User.roles#8]
[2019-05-24 20:45:43 ] [org.hibernate.engine.jdbc.spi.SqlStatementLogger] [http-nio-8080-exec-10] [92] [DEBUG] select roles0_.user_id as user_id1_5_0_, roles0_.role_id as role_id2_5_0_, role1_.role_id as role_id1_3_1_, role1_.role as role2_3_1_ from user_role roles0_ inner join role role1_ on roles0_.role_id=role1_.role_id where roles0_.user_id=?
[2019-05-24 20:45:43 ] [org.hibernate.loader.plan.exec.process.internal.ResultSetProcessorImpl] [http-nio-8080-exec-10] [161] [DEBUG] Preparing collection intializer : [dawid.app.user.User.roles#8]
[2019-05-24 20:45:43 ] [org.hibernate.loader.plan.exec.process.internal.ResultSetProcessorImpl] [http-nio-8080-exec-10] [120] [DEBUG] Starting ResultSet row #0
[2019-05-24 20:45:43 ] [org.hibernate.loader.plan.exec.process.internal.CollectionReferenceInitializerImpl] [http-nio-8080-exec-10] [59] [DEBUG] Found row of collection: [dawid.app.user.User.roles#8]
[2019-05-24 20:45:43 ] [org.hibernate.engine.internal.TwoPhaseLoad] [http-nio-8080-exec-10] [144] [DEBUG] Resolving associations for [dawid.app.user.Role#2]
[2019-05-24 20:45:43 ] [org.hibernate.engine.internal.TwoPhaseLoad] [http-nio-8080-exec-10] [287] [DEBUG] Done materializing entity [dawid.app.user.Role#2]
[2019-05-24 20:45:43 ] [org.jboss.logging.DelegatingBasicLogger] [http-nio-8080-exec-10] [394] [DEBUG] 1 collections were found in result set for role: dawid.app.user.User.roles
[2019-05-24 20:45:43 ] [org.hibernate.engine.loading.internal.CollectionLoadContext] [http-nio-8080-exec-10] [265] [DEBUG] Collection fully initialized: [dawid.app.user.User.roles#8]
[2019-05-24 20:45:43 ] [org.jboss.logging.DelegatingBasicLogger] [http-nio-8080-exec-10] [394] [DEBUG] 1 collections initialized for role: dawid.app.user.User.roles
[2019-05-24 20:45:43 ] [org.hibernate.resource.jdbc.internal.ResourceRegistryStandardImpl] [http-nio-8080-exec-10] [84] [DEBUG] HHH000387: ResultSet's statement was not registered
[2019-05-24 20:45:43 ] [org.hibernate.loader.collection.plan.AbstractLoadPlanBasedCollectionInitializer] [http-nio-8080-exec-10] [105] [DEBUG] Done loading collection
[2019-05-24 20:45:54 ] [org.springframework.web.servlet.DispatcherServlet] [http-nio-8080-exec-2] [1205] [WARN ] No mapping found for HTTP request with URI [/registerStepTwo] in DispatcherServlet with name 'dispatcherServlet'
[2019-05-24 20:46:03 ] [org.hibernate.engine.transaction.internal.TransactionImpl] [http-nio-8080-exec-4] [55] [DEBUG] begin
[2019-05-24 20:46:03 ] [org.hibernate.query.criteria.internal.CriteriaQueryImpl] [http-nio-8080-exec-4] [307] [DEBUG] Rendered criteria query -> select generatedAlias0 from User as generatedAlias0 where generatedAlias0.email=:param0
[2019-05-24 20:46:03 ] [org.hibernate.engine.jdbc.spi.SqlStatementLogger] [http-nio-8080-exec-4] [92] [DEBUG] select user0_.user_id as user_id1_4_, user0_.activation_code as activati2_4_, user0_.active as active3_4_, user0_.birth_date as birth_da4_4_, user0_.characters as characte5_4_, user0_.city as city6_4_, user0_.description as descript7_4_, user0_.email as email8_4_, user0_.free_time as free_tim9_4_, user0_.hobby as hobby10_4_, user0_.language as languag11_4_, user0_.last_name as last_na12_4_, user0_.name as name13_4_, user0_.number as number14_4_, user0_.password as passwor15_4_, user0_.physical_activity as physica16_4_, user0_.sex as sex17_4_, user0_.who_search as who_sea18_4_ from user user0_ where user0_.email=?
[2019-05-24 20:46:03 ] [org.jboss.logging.DelegatingBasicLogger] [http-nio-8080-exec-4] [384] [DEBUG] Result set row: 0
[2019-05-24 20:46:03 ] [org.hibernate.loader.Loader] [http-nio-8080-exec-4] [1533] [DEBUG] Result row: EntityKey[dawid.app.user.User#8]
[2019-05-24 20:46:03 ] [org.hibernate.engine.internal.TwoPhaseLoad] [http-nio-8080-exec-4] [144] [DEBUG] Resolving associations for [dawid.app.user.User#8]
[2019-05-24 20:46:03 ] [org.hibernate.engine.internal.TwoPhaseLoad] [http-nio-8080-exec-4] [287] [DEBUG] Done materializing entity [dawid.app.user.User#8]
[2019-05-24 20:46:03 ] [org.hibernate.engine.transaction.internal.TransactionImpl] [http-nio-8080-exec-4] [66] [DEBUG] committing
[2019-05-24 20:46:03 ] [org.hibernate.event.internal.AbstractFlushingEventListener] [http-nio-8080-exec-4] [132] [DEBUG] Processing flush-time cascades
[2019-05-24 20:46:03 ] [org.hibernate.event.internal.AbstractFlushingEventListener] [http-nio-8080-exec-4] [174] [DEBUG] Dirty checking collections
[2019-05-24 20:46:03 ] [org.hibernate.engine.internal.Collections] [http-nio-8080-exec-4] [206] [DEBUG] Collection found: [dawid.app.user.User.groups#8], was: [dawid.app.user.User.groups#8] (uninitialized)
[2019-05-24 20:46:03 ] [org.hibernate.engine.internal.Collections] [http-nio-8080-exec-4] [206] [DEBUG] Collection found: [dawid.app.user.User.roles#8], was: [dawid.app.user.User.roles#8] (uninitialized)
[2019-05-24 20:46:03 ] [org.hibernate.event.internal.AbstractFlushingEventListener] [http-nio-8080-exec-4] [106] [DEBUG] Flushed: 0 insertions, 0 updates, 0 deletions to 1 objects
[2019-05-24 20:46:03 ] [org.hibernate.event.internal.AbstractFlushingEventListener] [http-nio-8080-exec-4] [113] [DEBUG] Flushed: 0 (re)creations, 0 updates, 0 removals to 2 collections
[2019-05-24 20:46:03 ] [org.hibernate.internal.util.EntityPrinter] [http-nio-8080-exec-4] [102] [DEBUG] Listing entities:
[2019-05-24 20:46:03 ] [org.hibernate.internal.util.EntityPrinter] [http-nio-8080-exec-4] [109] [DEBUG] dawid.app.user.User{lastName=Krawczyk, city=Przedbórz, roles=<uninitialized>, sex=me?czyzna, active=1, description=saddddddddd, groups=<uninitialized>, language=null, birthDate=null, physicalActivity=koszykowka, number=0, character=null, password=$2a$10$Xg.cQpBSi7gi8RcOtdTKL.Iuy0idREBPGxvlajFz1GlC3GEKkS6bm, freeTime=Po po?udnie, name=Dawid, whoSearch=female, id=8, activationCode=MqidrJhpNHZJRqrO5Fz0Wm6GbtEasapc, email=dawid.krawczyk532@gmail.com, hobby=null}
[2019-05-24 20:46:34 ] [dawid.app.user.ProfilController] [http-nio-8080-exec-7] [135] [INFO ] **** WYWO£ANO > end()
[2019-05-24 20:46:34 ] [dawid.app.user.ProfilController] [http-nio-8080-exec-7] [136] [INFO ] 0
[2019-05-24 20:46:34 ] [dawid.app.user.ProfilController] [http-nio-8080-exec-7] [137] [INFO ] Flagmatyk
[2019-05-24 20:46:34 ] [org.hibernate.engine.transaction.internal.TransactionImpl] [http-nio-8080-exec-7] [55] [DEBUG] begin
[2019-05-24 20:46:34 ] [org.hibernate.engine.jdbc.spi.SqlStatementLogger] [http-nio-8080-exec-7] [92] [DEBUG] update user set language=?, number=?, characters=?, birth_date=? where user_id=?
[2019-05-24 20:46:34 ] [org.hibernate.engine.transaction.internal.TransactionImpl] [http-nio-8080-exec-7] [66] [DEBUG] committing
